<?xml version="1.0" encoding="UTF-8"?>
<!-- Generated by org.testng.reporters.JUnitReportReporter -->
<testsuite hostname="LAPTOP-7KRDH6ME" failures="0" tests="2" name="test.testclass1" time="7.584" errors="0" timestamp="2023-07-14T15:22:02 IST" skipped="0">
  <testcase classname="test.testclass1" name="method1" time="7.582"/>
  <testcase classname="test.testclass1" name="method2" time="0.002"/>
</testsuite> <!-- test.testclass1 -->
